android/build/outputs/logs/manifest-merger-debug-report.txt
-- Merging decision tree log ---
manifest
ADDED from src/main/AndroidManifest.xml:1:1-18:12
INJECTED from src/main/AndroidManifest.xml:1:1-18:12
INJECTED from src/main/AndroidManifest.xml:1:1-18:12
INJECTED from src/main/AndroidManifest.xml:1:1-18:12
INJECTED from src/main/AndroidManifest.xml:1:1-18:12
INJECTED from src/main/AndroidManifest.xml:1:1-18:12
INJECTED from src/main/AndroidManifest.xml:1:1-18:12
	package
		ADDED from src/main/AndroidManifest.xml:2:9-51
		INJECTED from src/main/AndroidManifest.xml
		INJECTED from src/main/AndroidManifest.xml
	android:versionName
		INJECTED from src/main/AndroidManifest.xml
		ADDED from src/main/AndroidManifest.xml:1:1-18:12
		INJECTED from src/main/AndroidManifest.xml
	android:versionCode
		INJECTED from src/main/AndroidManifest.xml
		ADDED from src/main/AndroidManifest.xml:1:1-18:12
		INJECTED from src/main/AndroidManifest.xml
	xmlns:android
		ADDED from src/main/AndroidManifest.xml:1:11-69
uses-permission#android.permission.READ_EXTERNAL_STORAGE
ADDED from src/main/AndroidManifest.xml:4:5-80
	android:name
		ADDED from src/main/AndroidManifest.xml:4:22-77
uses-permission#android.permission.WRITE_EXTERNAL_STORAGE
ADDED from src/main/AndroidManifest.xml:5:5-81
	android:name
		ADDED from src/main/AndroidManifest.xml:5:22-78
application
ADDED from src/main/AndroidManifest.xml:7:3-17:17
provider#com.reactnativecommunity.webview.RNCWebViewFileProvider
ADDED from src/main/AndroidManifest.xml:8:5-16:16
	android:grantUriPermissions
		ADDED from src/main/AndroidManifest.xml:12:7-41
	android:authorities
		ADDED from src/main/AndroidManifest.xml:10:7-58
	android:exported
		ADDED from src/main/AndroidManifest.xml:11:7-31
	android:name
		ADDED from src/main/AndroidManifest.xml:9:7-45
meta-data#android.support.FILE_PROVIDER_PATHS
ADDED from src/main/AndroidManifest.xml:13:7-15:55
	android:resource
		ADDED from src/main/AndroidManifest.xml:15:9-52
	android:name
		ADDED from src/main/AndroidManifest.xml:14:9-59
uses-sdk
INJECTED from src/main/AndroidManifest.xml reason: use-sdk injection requested
INJECTED from src/main/AndroidManifest.xml
INJECTED from src/main/AndroidManifest.xml
INJECTED from src/main/AndroidManifest.xml
INJECTED from src/main/AndroidManifest.xml
	android:targetSdkVersion
		INJECTED from src/main/AndroidManifest.xml
		ADDED from src/main/AndroidManifest.xml
		INJECTED from src/main/AndroidManifest.xml
	android:minSdkVersion
		INJECTED from src/main/AndroidManifest.xml
		ADDED from src/main/AndroidManifest.xml
		INJECTED from src/main/AndroidManifest.xml